<?xml version="1.0" encoding="UTF-8"?>
<testsuite name="PrimeCalculatorTest" tests="5" skipped="0" failures="0" errors="0" timestamp="2023-06-28T14:58:23" hostname="LAPTOP-7AI0AMTI" time="0.546">
  <properties/>
  <testcase name="testUndefinedPrime" classname="PrimeCalculatorTest" time="0.004"/>
  <testcase name="testSixthPrime" classname="PrimeCalculatorTest" time="0.061"/>
  <testcase name="testFirstPrime" classname="PrimeCalculatorTest" time="0.0"/>
  <testcase name="testSecondPrime" classname="PrimeCalculatorTest" time="0.0"/>
  <testcase name="testBigPrime" classname="PrimeCalculatorTest" time="0.479"/>
  <system-out><![CDATA[]]></system-out>
  <system-err><![CDATA[]]></system-err>
</testsuite>
