<?xml version="1.0" encoding="UTF-8"?>
<testsuite name="TwoferTest" tests="3" skipped="0" failures="0" errors="0" timestamp="2023-06-28T10:22:10" hostname="LAPTOP-7AI0AMTI" time="0.061">
  <properties/>
  <testcase name="noNameGiven" classname="TwoferTest" time="0.053"/>
  <testcase name="aNameGiven" classname="TwoferTest" time="0.007"/>
  <testcase name="anotherNameGiven" classname="TwoferTest" time="0.0"/>
  <system-out><![CDATA[]]></system-out>
  <system-err><![CDATA[]]></system-err>
</testsuite>
