<?xml version="1.0" encoding="UTF-8"?>
<testsuite name="ResistorColorTest" tests="4" skipped="0" failures="0" errors="0" timestamp="2023-06-28T11:32:23" hostname="LAPTOP-7AI0AMTI" time="0.193">
  <properties/>
  <testcase name="testWhiteColorCode" classname="ResistorColorTest" time="0.168"/>
  <testcase name="testColors" classname="ResistorColorTest" time="0.024"/>
  <testcase name="testBlackColorCode" classname="ResistorColorTest" time="0.0"/>
  <testcase name="testOrangeColorCode" classname="ResistorColorTest" time="0.0"/>
  <system-out><![CDATA[]]></system-out>
  <system-err><![CDATA[]]></system-err>
</testsuite>
